2024-09-28 16:59:57 Loading main app package /usr/lib/obsidian/obsidian.asar
2024-09-28 16:59:57 Checking for update using Github
2024-09-28 16:59:58 Success.
2024-09-28 16:59:58 Latest version is 1.6.7
2024-09-28 16:59:58 App is up to date.
2024-09-28 17:47:16 Loading main app package /usr/lib/obsidian/obsidian.asar
2024-09-28 17:47:17 Checking for update using Github
2024-09-28 17:47:17 Success.
2024-09-28 17:47:17 Latest version is 1.6.7
2024-09-28 17:47:17 App is up to date.
2024-09-28 19:52:40 Loading main app package /usr/lib/obsidian/obsidian.asar
2024-09-28 19:52:41 Checking for update using Github
2024-09-28 19:52:41 Success.
2024-09-28 19:52:41 Latest version is 1.6.7
2024-09-28 19:52:41 App is up to date.
2024-09-28 20:52:40 Checking for update using Github
2024-09-28 20:52:41 Success.
2024-09-28 20:52:41 Latest version is 1.6.7
2024-09-28 20:52:41 App is up to date.
2024-09-29 00:46:33 Loading main app package /usr/lib/obsidian/obsidian.asar
2024-09-29 00:46:34 Checking for update using Github
2024-09-29 00:46:34 Success.
2024-09-29 00:46:34 Latest version is 1.6.7
2024-09-29 00:46:34 App is up to date.
2024-09-29 15:33:30 Loading main app package /usr/lib/obsidian/obsidian.asar
2024-09-29 15:33:31 Checking for update using Github
2024-09-29 15:33:31 Success.
2024-09-29 15:33:31 Latest version is 1.6.7
2024-09-29 15:33:31 App is up to date.
2024-09-29 16:33:30 Checking for update using Github
2024-09-29 16:33:30 Success.
2024-09-29 16:33:30 Latest version is 1.6.7
2024-09-29 16:33:30 App is up to date.
2024-09-29 20:39:37 Loading main app package /usr/lib/obsidian/obsidian.asar
2024-09-29 20:39:38 Checking for update using Github
2024-09-29 20:39:38 Success.
2024-09-29 20:39:38 Latest version is 1.6.7
2024-09-29 20:39:38 App is up to date.
2024-09-29 21:39:38 Checking for update using Github
2024-09-29 21:39:38 Success.
2024-09-29 21:39:38 Latest version is 1.6.7
2024-09-29 21:39:38 App is up to date.
2024-09-29 22:39:38 Checking for update using Github
2024-09-29 22:39:38 Success.
2024-09-29 22:39:38 Latest version is 1.6.7
2024-09-29 22:39:38 App is up to date.
2024-09-29 23:39:38 Checking for update using Github
2024-09-29 23:39:38 Success.
2024-09-29 23:39:38 Latest version is 1.6.7
2024-09-29 23:39:38 App is up to date.
2024-09-30 00:39:38 Checking for update using Github
2024-09-30 00:39:38 Success.
2024-09-30 00:39:38 Latest version is 1.6.7
2024-09-30 00:39:38 App is up to date.
2024-09-30 01:39:38 Checking for update using Github
2024-09-30 01:39:39 Success.
2024-09-30 01:39:39 Latest version is 1.6.7
2024-09-30 01:39:39 App is up to date.
2024-10-01 23:31:16 Loading main app package /usr/lib/obsidian/obsidian.asar
2024-10-01 23:31:16 Checking for update using Github
2024-10-01 23:31:17 Success.
2024-10-01 23:31:17 Latest version is 1.6.7
2024-10-01 23:31:17 App is up to date.
2024-10-02 11:36:36 Loading main app package /usr/lib/obsidian/obsidian.asar
2024-10-02 11:36:36 Checking for update using Github
2024-10-02 11:36:37 Success.
2024-10-02 11:36:37 Latest version is 1.6.7
2024-10-02 11:36:37 App is up to date.
2024-10-02 11:57:18 Loading main app package /usr/lib/obsidian/obsidian.asar
2024-10-02 11:57:19 Checking for update using Github
2024-10-02 11:57:20 Success.
2024-10-02 11:57:20 Latest version is 1.6.7
2024-10-02 11:57:20 App is up to date.
2024-10-02 12:57:19 Checking for update using Github
2024-10-02 12:57:19 Success.
2024-10-02 12:57:19 Latest version is 1.6.7
2024-10-02 12:57:19 App is up to date.
2024-10-02 13:57:19 Checking for update using Github
2024-10-02 13:57:19 Success.
2024-10-02 13:57:19 Latest version is 1.6.7
2024-10-02 13:57:19 App is up to date.
2024-10-04 00:47:10 Loading main app package /usr/lib/obsidian/obsidian.asar
2024-10-04 00:47:11 Checking for update using Github
2024-10-04 00:47:11 Success.
2024-10-04 00:47:11 Latest version is 1.6.7
2024-10-04 00:47:11 App is up to date.
2024-10-04 10:29:06 Loading main app package /usr/lib/obsidian/obsidian.asar
2024-10-04 10:29:06 Checking for update using Github
2024-10-04 10:29:07 Success.
2024-10-04 10:29:07 Latest version is 1.6.7
2024-10-04 10:29:07 App is up to date.
2024-10-08 22:58:05 Loading main app package /usr/lib/obsidian/obsidian.asar
2024-10-08 22:58:05 Checking for update using Github
2024-10-08 22:58:06 Success.
2024-10-08 22:58:06 Latest version is 1.6.7
2024-10-08 22:58:06 App is up to date.
2024-10-08 23:58:05 Checking for update using Github
2024-10-08 23:58:05 Success.
2024-10-08 23:58:05 Latest version is 1.6.7
2024-10-08 23:58:05 App is up to date.
2024-10-09 10:28:38 Loading main app package /usr/lib/obsidian/obsidian.asar
2024-10-09 10:28:38 Checking for update using Github
2024-10-09 10:28:39 Success.
2024-10-09 10:28:39 Latest version is 1.6.7
2024-10-09 10:28:39 App is up to date.
2024-10-09 10:41:27 Loading main app package /usr/lib/obsidian/obsidian.asar
2024-10-09 10:41:28 Checking for update using Github
2024-10-09 10:41:28 Success.
2024-10-09 10:41:28 Latest version is 1.6.7
2024-10-09 10:41:28 App is up to date.
2024-10-09 11:01:59 Loading main app package /usr/lib/obsidian/obsidian.asar
2024-10-09 11:01:59 Checking for update using Github
2024-10-09 11:02:00 Success.
2024-10-09 11:02:00 Latest version is 1.6.7
2024-10-09 11:02:00 App is up to date.
2024-10-09 12:01:59 Checking for update using Github
2024-10-09 12:01:59 Success.
2024-10-09 12:01:59 Latest version is 1.6.7
2024-10-09 12:01:59 App is up to date.
2024-10-10 10:40:41 Loading main app package /usr/lib/obsidian/obsidian.asar
2024-10-10 10:40:41 Checking for update using Github
2024-10-10 10:40:42 Success.
2024-10-10 10:40:42 Latest version is 1.6.7
2024-10-10 10:40:42 App is up to date.
2024-10-10 11:40:41 Checking for update using Github
2024-10-10 11:40:41 Success.
2024-10-10 11:40:41 Latest version is 1.6.7
2024-10-10 11:40:41 App is up to date.
2024-10-10 12:40:41 Checking for update using Github
2024-10-10 12:40:42 Success.
2024-10-10 12:40:42 Latest version is 1.6.7
2024-10-10 12:40:42 App is up to date.
2024-10-10 13:40:41 Checking for update using Github
2024-10-10 13:40:41 Success.
2024-10-10 13:40:41 Latest version is 1.6.7
2024-10-10 13:40:41 App is up to date.
2024-10-10 14:40:41 Checking for update using Github
2024-10-10 14:40:42 Success.
2024-10-10 14:40:42 Latest version is 1.6.7
2024-10-10 14:40:42 App is up to date.
2024-10-12 22:20:43 Loading main app package /usr/lib/obsidian/obsidian.asar
2024-10-12 22:20:44 Checking for update using Github
2024-10-12 22:20:44 Success.
2024-10-12 22:20:44 Latest version is 1.6.7
2024-10-12 22:20:44 App is up to date.
2024-10-12 23:20:43 Checking for update using Github
2024-10-12 23:20:44 Success.
2024-10-12 23:20:44 Latest version is 1.6.7
2024-10-12 23:20:44 App is up to date.
2024-10-13 00:20:43 Checking for update using Github
2024-10-13 00:20:43 Success.
2024-10-13 00:20:43 Latest version is 1.6.7
2024-10-13 00:20:43 App is up to date.
2024-10-13 01:20:43 Checking for update using Github
2024-10-13 01:20:44 Success.
2024-10-13 01:20:44 Latest version is 1.6.7
2024-10-13 01:20:44 App is up to date.
2024-10-13 15:26:33 Loading main app package /usr/lib/obsidian/obsidian.asar
2024-10-13 15:26:33 Checking for update using Github
2024-10-13 15:26:34 Success.
2024-10-13 15:26:34 Latest version is 1.6.7
2024-10-13 15:26:34 App is up to date.
2024-10-14 10:40:57 Loading main app package /usr/lib/obsidian/obsidian.asar
2024-10-14 10:40:58 Checking for update using Github
2024-10-14 10:40:58 Success.
2024-10-14 10:40:58 Latest version is 1.6.7
2024-10-14 10:40:58 App is up to date.
2024-10-14 11:00:33 Loading main app package /usr/lib/obsidian/obsidian.asar
2024-10-14 11:00:34 Checking for update using Github
2024-10-14 11:00:34 Success.
2024-10-14 11:00:34 Latest version is 1.6.7
2024-10-14 11:00:34 App is up to date.
2024-10-15 00:58:37 Loading main app package /usr/lib/obsidian/obsidian.asar
2024-10-15 00:58:37 Checking for update using Github
2024-10-15 00:58:38 Success.
2024-10-15 00:58:38 Latest version is 1.6.7
2024-10-15 00:58:38 App is up to date.
2024-10-16 12:25:21 Loading main app package /usr/lib/obsidian/obsidian.asar
2024-10-16 12:25:22 Checking for update using Github
2024-10-16 12:25:22 Success.
2024-10-16 12:25:22 Latest version is 1.6.7
2024-10-16 12:25:22 App is up to date.
2024-10-16 13:25:21 Checking for update using Github
2024-10-16 13:25:22 Success.
2024-10-16 13:25:22 Latest version is 1.6.7
2024-10-16 13:25:22 App is up to date.
2024-10-26 20:13:11 Loading main app package /usr/lib/obsidian/obsidian.asar
2024-10-26 20:13:12 Checking for update using Github
2024-10-26 20:13:13 Success.
2024-10-26 20:13:13 Latest version is 1.7.4
2024-10-26 20:13:13 App is up to date.
2024-10-26 21:13:11 Checking for update using Github
2024-10-26 21:13:11 Success.
2024-10-26 21:13:11 Latest version is 1.7.4
2024-10-26 21:13:11 App is up to date.
2024-10-28 10:46:13 Loading main app package /usr/lib/obsidian/obsidian.asar
2024-10-28 10:46:14 Checking for update using Github
2024-10-28 10:46:14 Success.
2024-10-28 10:46:14 Latest version is 1.7.4
2024-10-28 10:46:14 App is up to date.
2024-10-28 21:51:15 Loading main app package /usr/lib/obsidian/obsidian.asar
2024-10-28 21:51:16 Checking for update using Github
2024-10-28 21:51:16 Success.
2024-10-28 21:51:16 Latest version is 1.7.4
2024-10-28 21:51:16 App is up to date.
2024-10-28 22:51:16 Checking for update using Github
2024-10-28 22:51:16 Success.
2024-10-28 22:51:16 Latest version is 1.7.4
2024-10-28 22:51:16 App is up to date.
2024-11-04 09:42:19 Loading main app package /usr/lib/obsidian/obsidian.asar
2024-11-04 09:42:19 Checking for update using Github
2024-11-04 09:42:20 Success.
2024-11-04 09:42:20 Latest version is 1.7.4
2024-11-04 09:42:20 App is up to date.
2024-11-05 09:42:45 Loading main app package /usr/lib/obsidian/obsidian.asar
2024-11-05 09:42:46 Checking for update using Github
2024-11-05 09:42:46 Success.
2024-11-05 09:42:46 Latest version is 1.7.5
2024-11-05 09:42:46 Downloading update from https://github.com/obsidianmd/obsidian-releases/releases/download/v1.7.5/obsidian-1.7.5.asar.gz
2024-11-05 09:42:49 Verifying hash & signature. Size= 8056498
2024-11-05 09:42:49 Saving file
2024-11-05 09:42:49 Update complete.
2024-11-06 10:16:44 Loading main app package /usr/lib/obsidian/obsidian.asar
2024-11-06 10:16:45 Checking for update using Github
2024-11-06 10:16:45 Success.
2024-11-06 10:16:45 Latest version is 1.7.5
2024-11-06 10:16:45 App is up to date.
2024-11-06 11:26:18 Loading main app package /usr/lib/obsidian/obsidian.asar
2024-11-06 11:26:19 Checking for update using Github
2024-11-06 11:26:19 Success.
2024-11-06 11:26:19 Latest version is 1.7.5
2024-11-06 11:26:19 App is up to date.
2024-11-07 09:55:00 Loading main app package /usr/lib/obsidian/obsidian.asar
2024-11-07 09:55:01 Checking for update using Github
2024-11-07 09:55:01 Success.
2024-11-07 09:55:01 Latest version is 1.7.5
2024-11-07 09:55:01 App is up to date.
2024-11-08 00:50:37 Loading main app package /usr/lib/obsidian/obsidian.asar
2024-11-08 00:50:37 Checking for update using Github
2024-11-08 00:50:38 Success.
2024-11-08 00:50:38 Latest version is 1.7.5
2024-11-08 00:50:38 App is up to date.
2024-11-08 01:50:37 Checking for update using Github
2024-11-08 01:50:37 Success.
2024-11-08 01:50:37 Latest version is 1.7.5
2024-11-08 01:50:37 App is up to date.
2024-11-08 10:08:42 Loading main app package /usr/lib/obsidian/obsidian.asar
2024-11-08 10:08:42 Checking for update using Github
2024-11-08 10:08:43 Success.
2024-11-08 10:08:43 Latest version is 1.7.5
2024-11-08 10:08:43 App is up to date.
2024-11-08 11:08:43 Checking for update using Github
2024-11-08 11:08:43 Success.
2024-11-08 11:08:43 Latest version is 1.7.5
2024-11-08 11:08:43 App is up to date.
2024-11-08 12:08:43 Checking for update using Github
2024-11-08 12:08:43 Success.
2024-11-08 12:08:43 Latest version is 1.7.5
2024-11-08 12:08:43 App is up to date.
2024-11-08 13:08:43 Checking for update using Github
2024-11-08 13:08:43 Success.
2024-11-08 13:08:43 Latest version is 1.7.5
2024-11-08 13:08:43 App is up to date.
2024-11-08 14:08:43 Checking for update using Github
2024-11-08 14:08:44 Success.
2024-11-08 14:08:44 Latest version is 1.7.5
2024-11-08 14:08:44 App is up to date.
2024-11-12 01:20:27 Loading main app package /usr/lib/obsidian/obsidian.asar
2024-11-12 01:20:27 Checking for update using Github
2024-11-12 01:20:28 Success.
2024-11-12 01:20:28 Latest version is 1.7.5
2024-11-12 01:20:28 App is up to date.
2024-11-12 13:48:34 Loading main app package /usr/lib/obsidian/obsidian.asar
2024-11-12 13:48:34 Checking for update using Github
2024-11-12 13:48:35 Success.
2024-11-12 13:48:35 Latest version is 1.7.5
2024-11-12 13:48:35 App is up to date.
2024-11-12 14:48:34 Checking for update using Github
2024-11-12 14:48:34 Success.
2024-11-12 14:48:34 Latest version is 1.7.6
2024-11-12 14:48:34 Downloading update from https://github.com/obsidianmd/obsidian-releases/releases/download/v1.7.6/obsidian-1.7.6.asar.gz
2024-11-12 14:48:37 Verifying hash & signature. Size= 8000010
2024-11-12 14:48:37 Saving file
2024-11-12 14:48:37 Update complete.
2024-11-13 22:53:11 Loading updated app package /home/quilli/.config/obsidian/obsidian-1.7.6.asar
2024-11-13 22:53:12 Checking for update using Github
2024-11-13 22:53:12 Success.
2024-11-13 22:53:12 Latest version is 1.7.6
2024-11-13 22:53:12 App is up to date.
2024-11-14 00:28:00 Loading updated app package /home/quilli/.config/obsidian/obsidian-1.7.6.asar
2024-11-14 00:28:01 Checking for update using Github
2024-11-14 00:28:01 Success.
2024-11-14 00:28:01 Latest version is 1.7.6
2024-11-14 00:28:01 App is up to date.
2024-11-15 23:23:31 Loading main app package /usr/lib/obsidian/obsidian.asar
2024-11-15 23:23:31 Checking for update using Github
2024-11-15 23:23:32 Success.
2024-11-15 23:23:32 Latest version is 1.7.6
2024-11-15 23:23:32 App is up to date.
2024-11-17 20:02:23 Loading main app package /usr/lib/obsidian/obsidian.asar
2024-11-17 20:02:23 Checking for update using Github
2024-11-17 20:02:25 Success.
2024-11-17 20:02:25 Latest version is 1.7.6
2024-11-17 20:02:25 App is up to date.
2024-11-21 21:40:14 Loading main app package /usr/lib/obsidian/obsidian.asar
2024-11-21 21:40:15 Checking for update using Github
2024-11-21 21:40:15 Success.
2024-11-21 21:40:15 Latest version is 1.7.7
2024-11-21 21:40:15 Downloading update from https://github.com/obsidianmd/obsidian-releases/releases/download/v1.7.7/obsidian-1.7.7.asar.gz
2024-11-21 21:40:18 Verifying hash & signature. Size= 8000009
2024-11-21 21:40:18 Saving file
2024-11-21 21:40:19 Update complete.
2024-11-23 17:56:14 Loading main app package /usr/lib/obsidian/obsidian.asar
2024-11-23 17:56:15 Checking for update using Github
2024-11-23 17:56:15 Success.
2024-11-23 17:56:15 Latest version is 1.7.7
2024-11-23 17:56:15 App is up to date.
